This is XeTeX, Version 3.141592653-2.6-0.999993 (TeX Live 2021) (preloaded format=xelatex 2021.12.10)  3 JAN 2022 18:46
entering extended mode
 restricted \write18 enabled.
 %&-line parsing enabled.
**praca_dyplomowa.tex
(./praca_dyplomowa.tex
LaTeX2e <2020-10-01> patch level 4
L3 programming layer <2021-05-07>
(/usr/share/texlive/texmf-dist/tex/latex/base/article.cls
Document Class: article 2020/04/10 v1.4m Standard LaTeX document class
(/usr/share/texlive/texmf-dist/tex/latex/base/size12.clo
File: size12.clo 2020/04/10 v1.4m Standard LaTeX file (size option)
)
\c@part=\count175
\c@section=\count176
\c@subsection=\count177
\c@subsubsection=\count178
\c@paragraph=\count179
\c@subparagraph=\count180
\c@figure=\count181
\c@table=\count182
\abovecaptionskip=\skip47
\belowcaptionskip=\skip48
\bibindent=\dimen138
)
(/usr/share/texlive/texmf-dist/tex/latex/geometry/geometry.sty
Package: geometry 2020/01/02 v5.9 Page Geometry

(/usr/share/texlive/texmf-dist/tex/latex/graphics/keyval.sty
Package: keyval 2014/10/28 v1.15 key=value parser (DPC)
\KV@toks@=\toks15
)
(/usr/share/texlive/texmf-dist/tex/generic/iftex/ifvtex.sty
Package: ifvtex 2019/10/25 v1.7 ifvtex legacy package. Use iftex instead.

(/usr/share/texlive/texmf-dist/tex/generic/iftex/iftex.sty
Package: iftex 2020/03/06 v1.0d TeX engine tests
))
\Gm@cnth=\count183
\Gm@cntv=\count184
\c@Gm@tempcnt=\count185
\Gm@bindingoffset=\dimen139
\Gm@wd@mp=\dimen140
\Gm@odd@mp=\dimen141
\Gm@even@mp=\dimen142
\Gm@layoutwidth=\dimen143
\Gm@layoutheight=\dimen144
\Gm@layouthoffset=\dimen145
\Gm@layoutvoffset=\dimen146
\Gm@dimlist=\toks16
)
(/usr/share/texlive/texmf-dist/tex/latex/base/inputenc.sty
Package: inputenc 2020/08/01 v1.3d Input encoding file
\inpenc@prehook=\toks17
\inpenc@posthook=\toks18


Package inputenc Warning: inputenc package ignored with utf8 based engines.

) (/usr/share/texlive/texmf-dist/tex/latex/anyfontsize/anyfontsize.sty
Invalid UTF-8 byte or sequence at line 3 replaced by U+FFFD.
Invalid UTF-8 byte or sequence at line 3 replaced by U+FFFD.
Package: anyfontsize 2007/11/22 anyfontsize.sty by pts
)
(/usr/share/texlive/texmf-dist/tex/latex/fontspec/fontspec.sty
(/usr/share/texlive/texmf-dist/tex/latex/l3packages/xparse/xparse.sty
(/usr/share/texlive/texmf-dist/tex/latex/l3kernel/expl3.sty
Package: expl3 2021-05-07 L3 programming layer (loader) 

(/usr/share/texlive/texmf-dist/tex/latex/l3backend/l3backend-xetex.def
File: l3backend-xetex.def 2021-05-07 L3 backend support: XeTeX

(|extractbb --version)
\c__kernel_sys_dvipdfmx_version_int=\count186
\l__color_backend_stack_int=\count187
\g__color_backend_stack_int=\count188
\g__graphics_track_int=\count189
\l__pdf_internal_box=\box47
\g__pdf_backend_object_int=\count190
\g__pdf_backend_annotation_int=\count191
\g__pdf_backend_link_int=\count192
))
(/usr/share/texlive/texmf-dist/tex/latex/l3packages/xparse/xparse-2020-10-01.st
y (/usr/share/texlive/texmf-dist/tex/latex/l3packages/xparse/xparse-generic.tex
)))
Package: fontspec 2020/02/21 v2.7i Font selection for XeLaTeX and LuaLaTeX
 (/usr/share/texlive/texmf-dist/tex/latex/fontspec/fontspec-xetex.sty
Package: fontspec-xetex 2020/02/21 v2.7i Font selection for XeLaTeX and LuaLaTe
X
\l__fontspec_script_int=\count193
\l__fontspec_language_int=\count194
\l__fontspec_strnum_int=\count195
\l__fontspec_tmp_int=\count196
\l__fontspec_tmpa_int=\count197
\l__fontspec_tmpb_int=\count198
\l__fontspec_tmpc_int=\count199
\l__fontspec_em_int=\count266
\l__fontspec_emdef_int=\count267
\l__fontspec_strong_int=\count268
\l__fontspec_strongdef_int=\count269
\l__fontspec_tmpa_dim=\dimen147
\l__fontspec_tmpb_dim=\dimen148
\l__fontspec_tmpc_dim=\dimen149

(/usr/share/texlive/texmf-dist/tex/latex/base/fontenc.sty
Package: fontenc 2020/08/10 v2.0s Standard LaTeX package
)
(/usr/share/texlive/texmf-dist/tex/latex/fontspec/fontspec.cfg)))
(/usr/share/texlive/texmf-dist/tex/latex/titlesec/titlesec.sty
Package: titlesec 2019/10/16 v2.13 Sectioning titles
\ttl@box=\box48
\beforetitleunit=\skip49
\aftertitleunit=\skip50
\ttl@plus=\dimen150
\ttl@minus=\dimen151
\ttl@toksa=\toks19
\titlewidth=\dimen152
\titlewidthlast=\dimen153
\titlewidthfirst=\dimen154
)
(/usr/share/texlive/texmf-dist/tex/latex/setspace/setspace.sty
Package: setspace 2011/12/19 v6.7a set line spacing
)
(/usr/share/texlive/texmf-dist/tex/latex/tools/indentfirst.sty
Package: indentfirst 1995/11/23 v1.03 Indent first paragraph (DPC)
)
(/usr/share/texlive/texmf-dist/tex/latex/tools/afterpage.sty
Package: afterpage 2014/10/28 v1.08 After-Page Package (DPC)
\AP@output=\toks20
\AP@partial=\box49
\AP@footins=\box50
)
(/usr/share/texlive/texmf-dist/tex/latex/hyperref/hyperref.sty
Package: hyperref 2021-02-27 v7.00k Hypertext links for LaTeX

(/usr/share/texlive/texmf-dist/tex/generic/ltxcmds/ltxcmds.sty
Package: ltxcmds 2020-05-10 v1.25 LaTeX kernel commands for general use (HO)
)
(/usr/share/texlive/texmf-dist/tex/generic/pdftexcmds/pdftexcmds.sty
Package: pdftexcmds 2020-06-27 v0.33 Utility functions of pdfTeX for LuaTeX (HO
)

(/usr/share/texlive/texmf-dist/tex/generic/infwarerr/infwarerr.sty
Package: infwarerr 2019/12/03 v1.5 Providing info/warning/error messages (HO)
)
Package pdftexcmds Info: \pdf@primitive is available.
Package pdftexcmds Info: \pdf@ifprimitive is available.
Package pdftexcmds Info: \pdfdraftmode not found.
)
(/usr/share/texlive/texmf-dist/tex/generic/kvsetkeys/kvsetkeys.sty
Package: kvsetkeys 2019/12/15 v1.18 Key value parser (HO)
)
(/usr/share/texlive/texmf-dist/tex/generic/kvdefinekeys/kvdefinekeys.sty
Package: kvdefinekeys 2019-12-19 v1.6 Define keys (HO)
)
(/usr/share/texlive/texmf-dist/tex/generic/pdfescape/pdfescape.sty
Package: pdfescape 2019/12/09 v1.15 Implements pdfTeX's escape features (HO)
)
(/usr/share/texlive/texmf-dist/tex/latex/hycolor/hycolor.sty
Package: hycolor 2020-01-27 v1.10 Color options for hyperref/bookmark (HO)
)
(/usr/share/texlive/texmf-dist/tex/latex/letltxmacro/letltxmacro.sty
Package: letltxmacro 2019/12/03 v1.6 Let assignment for LaTeX macros (HO)
)
(/usr/share/texlive/texmf-dist/tex/latex/auxhook/auxhook.sty
Package: auxhook 2019-12-17 v1.6 Hooks for auxiliary files (HO)
)
(/usr/share/texlive/texmf-dist/tex/latex/kvoptions/kvoptions.sty
Package: kvoptions 2020-10-07 v3.14 Key value format for package options (HO)
)
\@linkdim=\dimen155
\Hy@linkcounter=\count270
\Hy@pagecounter=\count271

(/usr/share/texlive/texmf-dist/tex/latex/hyperref/pd1enc.def
File: pd1enc.def 2021-02-27 v7.00k Hyperref: PDFDocEncoding definition (HO)
)
(/usr/share/texlive/texmf-dist/tex/latex/hyperref/hyperref-langpatches.def
File: hyperref-langpatches.def 2021-02-27 v7.00k Hyperref: patches for babel la
nguages
)
(/usr/share/texlive/texmf-dist/tex/generic/intcalc/intcalc.sty
Package: intcalc 2019/12/15 v1.3 Expandable calculations with integers (HO)
)
(/usr/share/texlive/texmf-dist/tex/generic/etexcmds/etexcmds.sty
Package: etexcmds 2019/12/15 v1.7 Avoid name clashes with e-TeX commands (HO)
)
\Hy@SavedSpaceFactor=\count272

(/usr/share/texlive/texmf-dist/tex/latex/hyperref/puenc.def
File: puenc.def 2021-02-27 v7.00k Hyperref: PDF Unicode definition (HO)
)
Package hyperref Info: Hyper figures OFF on input line 4192.
Package hyperref Info: Link nesting OFF on input line 4197.
Package hyperref Info: Hyper index ON on input line 4200.
Package hyperref Info: Plain pages OFF on input line 4207.
Package hyperref Info: Backreferencing OFF on input line 4212.
Package hyperref Info: Implicit mode ON; LaTeX internals redefined.
Package hyperref Info: Bookmarks ON on input line 4445.
\c@Hy@tempcnt=\count273

(/usr/share/texlive/texmf-dist/tex/latex/url/url.sty
\Urlmuskip=\muskip16
Package: url 2013/09/16  ver 3.4  Verb mode for urls, etc.
)
LaTeX Info: Redefining \url on input line 4804.
\XeTeXLinkMargin=\dimen156

(/usr/share/texlive/texmf-dist/tex/generic/bitset/bitset.sty
Package: bitset 2019/12/09 v1.3 Handle bit-vector datatype (HO)

(/usr/share/texlive/texmf-dist/tex/generic/bigintcalc/bigintcalc.sty
Package: bigintcalc 2019/12/15 v1.5 Expandable calculations on big integers (HO
)
))
\Fld@menulength=\count274
\Field@Width=\dimen157
\Fld@charsize=\dimen158
Package hyperref Info: Hyper figures OFF on input line 6075.
Package hyperref Info: Link nesting OFF on input line 6080.
Package hyperref Info: Hyper index ON on input line 6083.
Package hyperref Info: backreferencing OFF on input line 6090.
Package hyperref Info: Link coloring OFF on input line 6095.
Package hyperref Info: Link coloring with OCG OFF on input line 6100.
Package hyperref Info: PDF/A mode OFF on input line 6105.
LaTeX Info: Redefining \ref on input line 6145.
LaTeX Info: Redefining \pageref on input line 6149.

(/usr/share/texlive/texmf-dist/tex/latex/base/atbegshi-ltx.sty
Package: atbegshi-ltx 2020/08/17 v1.0a Emulation of the original atbegshi packa
ge
with kernel methods
)
\Hy@abspage=\count275
\c@Item=\count276
\c@Hfootnote=\count277
)
Package hyperref Info: Driver (autodetected): hxetex.

(/usr/share/texlive/texmf-dist/tex/latex/hyperref/hxetex.def
File: hxetex.def 2021-02-27 v7.00k Hyperref driver for XeTeX

(/usr/share/texlive/texmf-dist/tex/generic/stringenc/stringenc.sty
Package: stringenc 2019/11/29 v1.12 Convert strings between diff. encodings (HO
)
)
\pdfm@box=\box51
\c@Hy@AnnotLevel=\count278
\HyField@AnnotCount=\count279
\Fld@listcount=\count280
\c@bookmark@seq@number=\count281

(/usr/share/texlive/texmf-dist/tex/latex/rerunfilecheck/rerunfilecheck.sty
Package: rerunfilecheck 2019/12/05 v1.9 Rerun checks for auxiliary files (HO)

(/usr/share/texlive/texmf-dist/tex/latex/base/atveryend-ltx.sty
Package: atveryend-ltx 2020/08/19 v1.0a Emulation of the original atvery packag
e
with kernel methods
)
(/usr/share/texlive/texmf-dist/tex/generic/uniquecounter/uniquecounter.sty
Package: uniquecounter 2019/12/15 v1.4 Provide unlimited unique counter (HO)
)
Package uniquecounter Info: New unique counter `rerunfilecheck' on input line 2
86.
)
\Hy@SectionHShift=\skip51
)
(/usr/share/texlive/texmf-dist/tex/latex/tocloft/tocloft.sty
Package: tocloft 2017/08/31 v2.3i parameterised ToC, etc., typesetting
Package tocloft Info: The document has section divisions on input line 51.
\cftparskip=\skip52
\cftbeforetoctitleskip=\skip53
\cftaftertoctitleskip=\skip54
\cftbeforepartskip=\skip55
\cftpartnumwidth=\skip56
\cftpartindent=\skip57
\cftbeforesecskip=\skip58
\cftsecindent=\skip59
\cftsecnumwidth=\skip60
\cftbeforesubsecskip=\skip61
\cftsubsecindent=\skip62
\cftsubsecnumwidth=\skip63
\cftbeforesubsubsecskip=\skip64
\cftsubsubsecindent=\skip65
\cftsubsubsecnumwidth=\skip66
\cftbeforeparaskip=\skip67
\cftparaindent=\skip68
\cftparanumwidth=\skip69
\cftbeforesubparaskip=\skip70
\cftsubparaindent=\skip71
\cftsubparanumwidth=\skip72
\cftbeforeloftitleskip=\skip73
\cftafterloftitleskip=\skip74
\cftbeforefigskip=\skip75
\cftfigindent=\skip76
\cftfignumwidth=\skip77
\c@lofdepth=\count282
\c@lotdepth=\count283
\cftbeforelottitleskip=\skip78
\cftafterlottitleskip=\skip79
\cftbeforetabskip=\skip80
\cfttabindent=\skip81
\cfttabnumwidth=\skip82
)
(/usr/share/texlive/texmf-dist/tex/generic/babel/babel.sty
Package: babel 2021/04/26 3.58 The Babel package

(/usr/share/texlive/texmf-dist/tex/generic/babel/babel.def
File: babel.def 2021/04/26 3.58 Babel common definitions
\babel@savecnt=\count284
\U@D=\dimen159
\l@unhyphenated=\language3

(/usr/share/texlive/texmf-dist/tex/generic/babel/xebabel.def
(/usr/share/texlive/texmf-dist/tex/generic/babel/txtbabel.def))
\bbl@readstream=\read2
)
\bbl@dirlevel=\count285

(/usr/share/texlive/texmf-dist/tex/generic/babel-polish/polish.ldf
Language: polish 2005/03/31 v1.2l Polish support from the babel system


Package babel Warning: No hyphenation patterns were preloaded for
(babel)                the language `Polish' into the format.
(babel)                Please, configure your TeX system to add them and
(babel)                rebuild the format. Now I will use the patterns
(babel)                preloaded for \language=0 instead on input line 52.

Package babel Info: Hyphen rules for 'polish' set to \l@english
(babel)             (\language0). Reported on input line 53.
Package babel Info: Making " an active character on input line 83.
\pl@left=\dimen160
\pl@down=\dimen161
\pl@right=\dimen162
\pl@temp=\dimen163
)) (/usr/share/texlive/texmf-dist/tex/latex/etoolbox/etoolbox.sty
Package: etoolbox 2020/10/05 v2.5k e-TeX tools for LaTeX (JAW)
\etb@tempcnta=\count286
)
(/usr/share/texlive/texmf-dist/tex/latex/chngcntr/chngcntr.sty
Package: chngcntr 2018/04/09 v1.1a change counter resetting
Package chngcntr Info: \counterwithout already defined.
(chngcntr)             Quitting chngcntr on input line 21.
)
(/usr/share/texlive/texmf-dist/tex/latex/graphics/graphicx.sty
Package: graphicx 2020/09/09 v1.2b Enhanced LaTeX Graphics (DPC,SPQR)

(/usr/share/texlive/texmf-dist/tex/latex/graphics/graphics.sty
Package: graphics 2020/08/30 v1.4c Standard LaTeX Graphics (DPC,SPQR)

(/usr/share/texlive/texmf-dist/tex/latex/graphics/trig.sty
Package: trig 2016/01/03 v1.10 sin cos tan (DPC)
)
(/usr/share/texlive/texmf-dist/tex/latex/graphics-cfg/graphics.cfg
File: graphics.cfg 2016/06/04 v1.11 sample graphics configuration
)
Package graphics Info: Driver file: xetex.def on input line 105.

(/usr/share/texlive/texmf-dist/tex/latex/graphics-def/xetex.def
File: xetex.def 2021/03/18 v5.0k Graphics/color driver for xetex
))
\Gin@req@height=\dimen164
\Gin@req@width=\dimen165
)
(/usr/share/texlive/texmf-dist/tex/latex/subfig/subfig.sty
Package: subfig 2005/06/28 ver: 1.3 subfig package

(/usr/share/texlive/texmf-dist/tex/latex/caption/caption.sty
Package: caption 2020/10/26 v3.5g Customizing captions (AR)

(/usr/share/texlive/texmf-dist/tex/latex/caption/caption3.sty
Package: caption3 2020/10/21 v2.2e caption3 kernel (AR)
\captionmargin=\dimen166
\captionmargin@=\dimen167
\captionwidth=\dimen168
\caption@tempdima=\dimen169
\caption@indent=\dimen170
\caption@parindent=\dimen171
\caption@hangindent=\dimen172
Package caption Info: Standard document class detected.
)
\c@caption@flags=\count287
\c@continuedfloat=\count288
Package caption Info: hyperref package is loaded.
)
\c@KVtest=\count289
\sf@farskip=\skip83
\sf@captopadj=\dimen173
\sf@capskip=\skip84
\sf@nearskip=\skip85
\c@subfigure=\count290
\c@subfigure@save=\count291
\c@subtable=\count292
\c@subtable@save=\count293
\sf@top=\skip86
\sf@bottom=\skip87
)
(/usr/share/texlive/texmf-dist/tex/latex/placeins/placeins.sty
Package: placeins 2005/04/18  v 2.2
)
(/usr/share/texlive/texmf-dist/tex/latex/listings/listings.sty
\lst@mode=\count294
\lst@gtempboxa=\box52
\lst@token=\toks21
\lst@length=\count295
\lst@currlwidth=\dimen174
\lst@column=\count296
\lst@pos=\count297
\lst@lostspace=\dimen175
\lst@width=\dimen176
\lst@newlines=\count298
\lst@lineno=\count299
\lst@maxwidth=\dimen177

(/usr/share/texlive/texmf-dist/tex/latex/listings/lstmisc.sty
File: lstmisc.sty 2020/03/24 1.8d (Carsten Heinz)
\c@lstnumber=\count300
\lst@skipnumbers=\count301
\lst@framebox=\box53
)
(/usr/share/texlive/texmf-dist/tex/latex/listings/listings.cfg
File: listings.cfg 2020/03/24 1.8d listings configuration
))
Package: listings 2020/03/24 1.8d (Carsten Heinz)

Package fontspec Info: Font family 'TimesNewRoman(0)' created for font 'Times
(fontspec)             New Roman' with options [Ligatures=TeX].
(fontspec)              
(fontspec)              This font family consists of the following NFSS
(fontspec)             series/shapes:
(fontspec)              
(fontspec)             - 'normal' (m/n) with NFSS spec.: <->"Times New
(fontspec)             Roman/OT:language=dflt;mapping=tex-text;"
(fontspec)             - 'small caps'  (m/sc) with NFSS spec.: 
(fontspec)             - 'bold' (b/n) with NFSS spec.: <->"Times New
(fontspec)             Roman/B/OT:language=dflt;mapping=tex-text;"
(fontspec)             - 'bold small caps'  (b/sc) with NFSS spec.: 
(fontspec)             - 'italic' (m/it) with NFSS spec.: <->"Times New
(fontspec)             Roman/I/OT:language=dflt;mapping=tex-text;"
(fontspec)             - 'italic small caps'  (m/scit) with NFSS spec.: 
(fontspec)             - 'bold italic' (b/it) with NFSS spec.: <->"Times New
(fontspec)             Roman/BI/OT:language=dflt;mapping=tex-text;"
(fontspec)             - 'bold italic small caps'  (b/scit) with NFSS spec.: 


Package fontspec Info: Fira Code scale = 0.8282682716624988.


Package fontspec Info: Could not resolve font "Fira Code/I" (it probably
(fontspec)             doesn't exist).


Package fontspec Info: Fira Code scale = 0.8282682716624988.


Package fontspec Info: Fira Code/B scale = 0.823575138025821.


Package fontspec Info: Fira Code/BI scale = 0.823575138025821.


Package fontspec Info: Font family 'FiraCode(0)' created for font 'Fira Code'
(fontspec)             with options
(fontspec)             [WordSpace={1,0,0},HyphenChar=None,PunctuationSpace=Word
Space,Scale=MatchLowercase].
(fontspec)              
(fontspec)              This font family consists of the following NFSS
(fontspec)             series/shapes:
(fontspec)              
(fontspec)             - 'normal' (m/n) with NFSS spec.:
(fontspec)             <->s*[0.8282682716624988]"Fira
(fontspec)             Code/OT:script=latn;language=dflt;"
(fontspec)             - 'small caps'  (m/sc) with NFSS spec.: 
(fontspec)             and font adjustment code:
(fontspec)             \fontdimen 2\font =1\fontdimen 2\font \fontdimen 3\font
(fontspec)             =0\fontdimen 3\font \fontdimen 4\font =0\fontdimen
(fontspec)             4\font \fontdimen 7\font =0\fontdimen 2\font
(fontspec)             \tex_hyphenchar:D \font =-1\scan_stop: 
(fontspec)             - 'bold' (b/n) with NFSS spec.:
(fontspec)             <->s*[0.823575138025821]"Fira
(fontspec)             Code/B/OT:script=latn;language=dflt;"
(fontspec)             - 'bold small caps'  (b/sc) with NFSS spec.: 
(fontspec)             and font adjustment code:
(fontspec)             \fontdimen 2\font =1\fontdimen 2\font \fontdimen 3\font
(fontspec)             =0\fontdimen 3\font \fontdimen 4\font =0\fontdimen
(fontspec)             4\font \fontdimen 7\font =0\fontdimen 2\font
(fontspec)             \tex_hyphenchar:D \font =-1\scan_stop: 
(fontspec)             - 'bold italic' (b/it) with NFSS spec.:
(fontspec)             <->s*[0.823575138025821]"Fira
(fontspec)             Code/BI/OT:script=latn;language=dflt;"
(fontspec)             - 'bold italic small caps'  (b/scit) with NFSS spec.: 
(fontspec)             and font adjustment code:
(fontspec)             \fontdimen 2\font =1\fontdimen 2\font \fontdimen 3\font
(fontspec)             =0\fontdimen 3\font \fontdimen 4\font =0\fontdimen
(fontspec)             4\font \fontdimen 7\font =0\fontdimen 2\font
(fontspec)             \tex_hyphenchar:D \font =-1\scan_stop: 


Package fontspec Info: Font family 'ArialNarrow(0)' created for font 'Arial
(fontspec)             Narrow' with options [].
(fontspec)              
(fontspec)              This font family consists of the following NFSS
(fontspec)             series/shapes:
(fontspec)              
(fontspec)             - 'normal' (m/n) with NFSS spec.: <->"Arial
(fontspec)             Narrow/OT:language=dflt;"
(fontspec)             - 'small caps'  (m/sc) with NFSS spec.: 
(fontspec)             - 'bold' (b/n) with NFSS spec.: <->"Arial
(fontspec)             Narrow/B/OT:language=dflt;"
(fontspec)             - 'bold small caps'  (b/sc) with NFSS spec.: 
(fontspec)             - 'italic' (m/it) with NFSS spec.: <->"Arial
(fontspec)             Narrow/I/OT:language=dflt;"
(fontspec)             - 'italic small caps'  (m/scit) with NFSS spec.: 
(fontspec)             - 'bold italic' (b/it) with NFSS spec.: <->"Arial
(fontspec)             Narrow/BI/OT:language=dflt;"
(fontspec)             - 'bold italic small caps'  (b/scit) with NFSS spec.: 


(./praca_dyplomowa.aux)
\openout1 = `praca_dyplomowa.aux'.

LaTeX Font Info:    Checking defaults for OML/cmm/m/it on input line 51.
LaTeX Font Info:    ... okay on input line 51.
LaTeX Font Info:    Checking defaults for OMS/cmsy/m/n on input line 51.
LaTeX Font Info:    ... okay on input line 51.
LaTeX Font Info:    Checking defaults for OT1/cmr/m/n on input line 51.
LaTeX Font Info:    ... okay on input line 51.
LaTeX Font Info:    Checking defaults for T1/cmr/m/n on input line 51.
LaTeX Font Info:    ... okay on input line 51.
LaTeX Font Info:    Checking defaults for TS1/cmr/m/n on input line 51.
LaTeX Font Info:    Trying to load font information for TS1+cmr on input line 5
1.
 (/usr/share/texlive/texmf-dist/tex/latex/base/ts1cmr.fd
File: ts1cmr.fd 2019/12/16 v2.5j Standard LaTeX font definitions
)
LaTeX Font Info:    ... okay on input line 51.
LaTeX Font Info:    Checking defaults for TU/lmr/m/n on input line 51.
LaTeX Font Info:    ... okay on input line 51.
LaTeX Font Info:    Checking defaults for OMX/cmex/m/n on input line 51.
LaTeX Font Info:    ... okay on input line 51.
LaTeX Font Info:    Checking defaults for U/cmr/m/n on input line 51.
LaTeX Font Info:    ... okay on input line 51.
LaTeX Font Info:    Checking defaults for PD1/pdf/m/n on input line 51.
LaTeX Font Info:    ... okay on input line 51.
LaTeX Font Info:    Checking defaults for PU/pdf/m/n on input line 51.
LaTeX Font Info:    ... okay on input line 51.

*geometry* driver: auto-detecting
*geometry* detected driver: xetex
*geometry* verbose mode - [ preamble ] result:
* driver: xetex
* paper: a4paper
* layout: <same size as paper>
* layoutoffset:(h,v)=(0.0pt,0.0pt)
* modes: 
* h-part:(L,W,R)=(90.3375pt, 416.83289pt, 90.3375pt)
* v-part:(T,H,B)=(72.26999pt, 700.50687pt, 72.26999pt)
* \paperwidth=597.50787pt
* \paperheight=845.04684pt
* \textwidth=416.83289pt
* \textheight=700.50687pt
* \oddsidemargin=18.0675pt
* \evensidemargin=18.0675pt
* \topmargin=-37.0pt
* \headheight=12.0pt
* \headsep=25.0pt
* \topskip=12.0pt
* \footskip=30.0pt
* \marginparwidth=44.0pt
* \marginparsep=10.0pt
* \columnsep=10.0pt
* \skip\footins=10.8pt plus 4.0pt minus 2.0pt
* \hoffset=0.0pt
* \voffset=0.0pt
* \mag=1000
* \@twocolumnfalse
* \@twosidefalse
* \@mparswitchfalse
* \@reversemarginfalse
* (1in=72.27pt=25.4mm, 1cm=28.453pt)


Package fontspec Info: Adjusting the maths setup (use [no-math] to avoid
(fontspec)             this).

\symlegacymaths=\mathgroup4
LaTeX Font Info:    Overwriting symbol font `legacymaths' in version `bold'
(Font)                  OT1/cmr/m/n --> OT1/cmr/bx/n on input line 51.
LaTeX Font Info:    Redeclaring math accent \acute on input line 51.
LaTeX Font Info:    Redeclaring math accent \grave on input line 51.
LaTeX Font Info:    Redeclaring math accent \ddot on input line 51.
LaTeX Font Info:    Redeclaring math accent \tilde on input line 51.
LaTeX Font Info:    Redeclaring math accent \bar on input line 51.
LaTeX Font Info:    Redeclaring math accent \breve on input line 51.
LaTeX Font Info:    Redeclaring math accent \check on input line 51.
LaTeX Font Info:    Redeclaring math accent \hat on input line 51.
LaTeX Font Info:    Redeclaring math accent \dot on input line 51.
LaTeX Font Info:    Redeclaring math accent \mathring on input line 51.
LaTeX Font Info:    Redeclaring math symbol \colon on input line 51.
LaTeX Font Info:    Redeclaring math symbol \Gamma on input line 51.
LaTeX Font Info:    Redeclaring math symbol \Delta on input line 51.
LaTeX Font Info:    Redeclaring math symbol \Theta on input line 51.
LaTeX Font Info:    Redeclaring math symbol \Lambda on input line 51.
LaTeX Font Info:    Redeclaring math symbol \Xi on input line 51.
LaTeX Font Info:    Redeclaring math symbol \Pi on input line 51.
LaTeX Font Info:    Redeclaring math symbol \Sigma on input line 51.
LaTeX Font Info:    Redeclaring math symbol \Upsilon on input line 51.
LaTeX Font Info:    Redeclaring math symbol \Phi on input line 51.
LaTeX Font Info:    Redeclaring math symbol \Psi on input line 51.
LaTeX Font Info:    Redeclaring math symbol \Omega on input line 51.
LaTeX Font Info:    Redeclaring math symbol \mathdollar on input line 51.
LaTeX Font Info:    Redeclaring symbol font `operators' on input line 51.
LaTeX Font Info:    Encoding `OT1' has changed to `TU' for symbol font
(Font)              `operators' in the math version `normal' on input line 51.
LaTeX Font Info:    Overwriting symbol font `operators' in version `normal'
(Font)                  OT1/cmr/m/n --> TU/TimesNewRoman(0)/m/n on input line 5
1.
LaTeX Font Info:    Encoding `OT1' has changed to `TU' for symbol font
(Font)              `operators' in the math version `bold' on input line 51.
LaTeX Font Info:    Overwriting symbol font `operators' in version `bold'
(Font)                  OT1/cmr/bx/n --> TU/TimesNewRoman(0)/m/n on input line 
51.
LaTeX Font Info:    Overwriting symbol font `operators' in version `normal'
(Font)                  TU/TimesNewRoman(0)/m/n --> TU/TimesNewRoman(0)/m/n on 
input line 51.
LaTeX Font Info:    Overwriting math alphabet `\mathit' in version `normal'
(Font)                  OT1/cmr/m/it --> TU/TimesNewRoman(0)/m/it on input line
 51.
LaTeX Font Info:    Overwriting math alphabet `\mathbf' in version `normal'
(Font)                  OT1/cmr/bx/n --> TU/TimesNewRoman(0)/b/n on input line 
51.
LaTeX Font Info:    Overwriting math alphabet `\mathsf' in version `normal'
(Font)                  OT1/cmss/m/n --> TU/lmss/m/n on input line 51.
LaTeX Font Info:    Overwriting math alphabet `\mathtt' in version `normal'
(Font)                  OT1/cmtt/m/n --> TU/FiraCode(0)/m/n on input line 51.
LaTeX Font Info:    Overwriting symbol font `operators' in version `bold'
(Font)                  TU/TimesNewRoman(0)/m/n --> TU/TimesNewRoman(0)/b/n on 
input line 51.
LaTeX Font Info:    Overwriting math alphabet `\mathit' in version `bold'
(Font)                  OT1/cmr/bx/it --> TU/TimesNewRoman(0)/b/it on input lin
e 51.
LaTeX Font Info:    Overwriting math alphabet `\mathsf' in version `bold'
(Font)                  OT1/cmss/bx/n --> TU/lmss/b/n on input line 51.
LaTeX Font Info:    Overwriting math alphabet `\mathtt' in version `bold'
(Font)                  OT1/cmtt/m/n --> TU/FiraCode(0)/b/n on input line 51.
Package hyperref Info: Link coloring OFF on input line 51.
(/usr/share/texlive/texmf-dist/tex/latex/hyperref/nameref.sty
Package: nameref 2021-04-02 v2.47 Cross-referencing by name of section

(/usr/share/texlive/texmf-dist/tex/latex/refcount/refcount.sty
Package: refcount 2019/12/15 v3.6 Data extraction from label references (HO)
)
(/usr/share/texlive/texmf-dist/tex/generic/gettitlestring/gettitlestring.sty
Package: gettitlestring 2019/12/15 v1.6 Cleanup title references (HO)
)
\c@section@level=\count302
)
LaTeX Info: Redefining \ref on input line 51.
LaTeX Info: Redefining \pageref on input line 51.
LaTeX Info: Redefining \nameref on input line 51.

(./praca_dyplomowa.out) (./praca_dyplomowa.out)
\@outlinefile=\write3
\openout3 = `praca_dyplomowa.out'.

Package caption Info: Begin \AtBeginDocument code.
Package caption Info: subfig package v1.3 is loaded.
Package caption Info: listings package is loaded.
Package caption Info: End \AtBeginDocument code.
\c@lstlisting=\count303
 (./sections/header.tex [1]
[2


] [3] [4

] [5] [6

]) (./sections/titles.tex
Overfull \hbox (0.15536pt too wide) in paragraph at lines 11--22
[]\TU/TimesNewRoman(0)/m/n/12 Systemy CMS oraz Headless CMS mają tendencję do o
graniczania możliwości oper-
 []


Overfull \hbox (1.27808pt too wide) in paragraph at lines 25--27
\TU/TimesNewRoman(0)/m/n/12 Słowa kluczowe: CMS, Headless CMS, bazy danych, SQL
, zarządzanie treścią, warstwa
 []

[7] [8

]) (./sections/toc.tex (./praca_dyplomowa.toc
LaTeX Font Info:    External font `cmex10' loaded for size
(Font)              <12> on input line 2.
LaTeX Font Info:    External font `cmex10' loaded for size
(Font)              <8> on input line 2.
LaTeX Font Info:    External font `cmex10' loaded for size
(Font)              <6> on input line 2.
 [1])
\tf@toc=\write4
\openout4 = `praca_dyplomowa.toc'.

 [2])
(./sections/introduction.tex
Overfull \hbox (0.97766pt too wide) in paragraph at lines 43--46
\TU/TimesNewRoman(0)/m/n/12 założeniem było nie ograniczanie możliwości operowa
nia na bazie danych przez umożli-
 []


Overfull \hbox (2.57108pt too wide) in paragraph at lines 49--54
[]\TU/TimesNewRoman(0)/m/n/12 Literatura dotycząca systemów CMS jest dość uboga
. Większość dostępnych książek
 []

[3

]) (./sections/aim_and_scope.tex
Overfull \hbox (9.04668pt too wide) in paragraph at lines 5--10
\TU/TimesNewRoman(0)/m/n/12 funkcje systemu. Głównym założeniem przy projektowa
niu i implementacji było stworze-
 []

[4]
Overfull \hbox (8.25676pt too wide) in paragraph at lines 16--21
\TU/TimesNewRoman(0)/m/n/12 punktów końcowych, których wywołanie zapytaniem HTT
P powoduje wykonanie zdefin-
 []


Overfull \hbox (0.77802pt too wide) in paragraph at lines 38--42
\TU/TimesNewRoman(0)/m/n/12 wiły łatwą implementację funkcji zmiany motywu apli
kacji przez użytkown-
 []


Overfull \hbox (1.32664pt too wide) in paragraph at lines 47--55
[]\TU/TimesNewRoman(0)/m/n/12 Implementuje zaawansowany edytor SQL z podświetla
niem składni, funkcją
 []


Overfull \hbox (2.77997pt too wide) in paragraph at lines 56--62
[]\TU/TimesNewRoman(0)/m/n/12 Implementuje edytor punktów końcowych pozwalający
 na pisanie złożonych
 []


Overfull \hbox (11.28857pt too wide) in paragraph at lines 56--62
\TU/TimesNewRoman(0)/m/n/12 drzew zapytań, w których zapytania podrzędne mają d
ostęp do danych wynika-
 []


Overfull \hbox (19.77997pt too wide) in paragraph at lines 56--62
\TU/TimesNewRoman(0)/m/n/12 punkt końcowy przed wdrożeniem z wykorzystaniem edy
tora danych testowych.
 []

[5]
Overfull \hbox (3.93115pt too wide) in paragraph at lines 75--78
\TU/TimesNewRoman(0)/m/n/12 o tabelach w bazie danych, przez co nie musi sam pr
zechowywać metadanych
 []


Overfull \hbox (11.0534pt too wide) in paragraph at lines 85--89
\TU/TimesNewRoman(0)/m/n/12 niezaufanych danych z przychodzącego zapytania HTTP
. Zapytania podrzędne
 []


Overfull \hbox (3.49481pt too wide) in paragraph at lines 90--93
[]\TU/TimesNewRoman(0)/m/n/12 Implementuje system użytkowników z wykorzystaniem
 technologii json web
 []

) (./sections/comparison.tex [6]
Overfull \hbox (0.88861pt too wide) in paragraph at lines 45--49
\TU/TimesNewRoman(0)/m/n/12 celu wykonywania niestandardowych operacji na bazie
 danych, administrator musi pole-
 []


Overfull \hbox (36.06816pt too wide) in paragraph at lines 61--65
[]\TU/TimesNewRoman(0)/m/n/12 Strapi to system Headless CMS. Nie posiada on int
erfejsu użytkownika. Dane wprowadzane
 []


Overfull \hbox (3.83896pt too wide) in paragraph at lines 61--65
\TU/TimesNewRoman(0)/m/n/12 do systemu są pobierane za pomocą API REST. Domyśln
e API ma ograniczoną funkcjon-
 []

[7]
Overfull \hbox (16.17747pt too wide) in paragraph at lines 86--90
[]\TU/TimesNewRoman(0)/m/n/12 Podsumowując, Strapi jest dobrym wyborem, jeśli p
otrzebny jest system CMS pozwala-
 []


Overfull \hbox (3.80168pt too wide) in paragraph at lines 99--103
[]\TU/TimesNewRoman(0)/m/n/12 PostgREST nie jest systemem CMS. Twórcy definiują
 ten program, jako samodzielny
 []

LaTeX Font Info:    Font shape `TU/FiraCode(0)/m/n' will be
(Font)              scaled to size 9.93915pt on input line 106.
[8]) (./sections/system_design.tex
Overfull \hbox (12.93076pt too wide) in paragraph at lines 13--22
\TU/TimesNewRoman(0)/m/n/12 Komponent [][]\TU/FiraCode(0)/m/n/12 TabBar []\TU/T
imesNewRoman(0)/m/n/12 implementuje listę kart, która pozwala użytkownikowi na 
przełączanie
 []


Overfull \hbox (0.89122pt too wide) in paragraph at lines 13--22
\TU/TimesNewRoman(0)/m/n/12 wybór edytora. Edytory zawierają interfejs, przy uż
yciu którego administrator wykonuje
 []


Overfull \hbox (3.71335pt too wide) in paragraph at lines 23--29
\TU/TimesNewRoman(0)/m/n/12 danych. Umożliwia to łatwe dodawanie nowych edytoró
w do aplikacji. Strukturę danych
 []

[9]
Package hyperref Info: bookmark level for unknown lstlisting defaults to 0 on i
nput line 35.
 (./code/editors.ts) (./code/schemeToggling.ts)

LaTeX Warning: `!h' float specifier changed to `!ht'.

[10] [11]) (./sections/key_functionality_implementation.tex
(./sections/subsections_key_functionality/main_interface.tex
File: ./img/starting_view_light.png Graphic file (type bmp)
<./img/starting_view_light.png>
File: ./img/starting_view_dark.png Graphic file (type bmp)
<./img/starting_view_dark.png>
) [12]
(./sections/subsections_key_functionality/generic_cms_functions.tex
File: ./img/table_creation.png Graphic file (type bmp)
<./img/table_creation.png>


LaTeX Warning: `h' float specifier changed to `ht'.


Overfull \hbox (6.35443pt too wide) in paragraph at lines 48--56
\TU/TimesNewRoman(0)/m/n/12 owo, kolumny typu [][]\TU/FiraCode(0)/m/n/12 varcha
r []\TU/TimesNewRoman(0)/m/n/12 spowodują wyświetlenie elementu [][]\TU/FiraCod
e(0)/m/n/12 <input type="text">[]\TU/TimesNewRoman(0)/m/n/12 ,
 []

[13]
File: ./img/table_data_management.png Graphic file (type bmp)
<./img/table_data_management.png>


LaTeX Warning: `h' float specifier changed to `ht'.

) [14] (./sections/subsections_key_functionality/sql_editor.tex [15]
Overfull \hbox (8.17767pt too wide) in paragraph at lines 12--16
[]\TU/TimesNewRoman(0)/m/n/12 Wybranie opcji “Commit” powoduje wykonanie zapyta
nia w transakcji, która zostanie
 []


Overfull \hbox (16.32121pt too wide) in paragraph at lines 27--34
[]\TU/TimesNewRoman(0)/m/n/12 Jeśli administrator zaznaczył opcję “Diff mermaid
.js ER diagram”, program wygeneruje
 []

File: ./img/sql_editor.png Graphic file (type bmp)
<./img/sql_editor.png>

LaTeX Warning: `h' float specifier changed to `ht'.

File: ./img/test_query_before.png Graphic file (type bmp)
<./img/test_query_before.png>
File: ./img/test_query_after.png Graphic file (type bmp)
<./img/test_query_after.png>
File: ./img/diagram_diff_before.png Graphic file (type bmp)
<./img/diagram_diff_before.png>
File: ./img/diagram_diff_after.png Graphic file (type bmp)
<./img/diagram_diff_after.png>
File: ./img/diagram_diff_after_fullscreen.png Graphic file (type bmp)
<./img/diagram_diff_after_fullscreen.png>

LaTeX Warning: `h' float specifier changed to `ht'.

) [16

] [17] [18] [19]
(./sections/subsections_key_functionality/endpoint_editor.tex
Overfull \hbox (12.08704pt too wide) in paragraph at lines 3--6
\TU/TimesNewRoman(0)/m/n/12 administratorowi definiowanie punktów końcowych HTT
P, których wywołanie spowoduje
 []


Overfull \hbox (4.71399pt too wide) in paragraph at lines 39--41
[]\TU/TimesNewRoman(0)/m/n/12 Wariant dostępu do danych wynikających z zapytań 
nadrzędnych wygląda następu-
 []

[20

]
Overfull \hbox (21.00302pt too wide) in paragraph at lines 70--74
[]\TU/TimesNewRoman(0)/m/n/12 Sparsowane zapytania SQL składają się z SQL zawie
rającego odniesienia do parametrów
 []

(./code/parsingTest.rs)
Overfull \hbox (14.2558pt too wide) in paragraph at lines 93--95
[]\TU/TimesNewRoman(0)/m/n/12 Kolejnym elementem jest menu, gdzie administrator
 może ustawić listę grup użytkown-
 []

[21]
Underfull \hbox (badness 10000) in paragraph at lines 106--108

 []


Underfull \hbox (badness 10000) in paragraph at lines 109--110

 []

File: ./img/endpoint_creation.png Graphic file (type bmp)
<./img/endpoint_creation.png>
File: ./img/endpoint_testing.png Graphic file (type bmp)
<./img/endpoint_testing.png>

LaTeX Warning: `h' float specifier changed to `ht'.


Overfull \hbox (81.60942pt too wide) in paragraph at lines 135--138
[]\TU/TimesNewRoman(0)/m/n/12 Zapisane punkty końcowe będą dostępne pod adresem
 [][]\TU/FiraCode(0)/m/n/12 /endpoint/<ścieżka punktu końcowego>[]\TU/TimesNewR
oman(0)/m/n/12 .
 []

[22]
File: ./img/endpoint_firefox.png Graphic file (type bmp)
<./img/endpoint_firefox.png>


LaTeX Warning: `h' float specifier changed to `ht'.

) [23] (./sections/subsections_key_functionality/sql_execution.tex
Overfull \hbox (11.02159pt too wide) in paragraph at lines 3--7
[]\TU/TimesNewRoman(0)/m/n/12 Wykonywanie SQL przy wywołaniu punktu końcowego t
o najbardziej skomplikowana
 []


Overfull \hbox (122.1801pt too wide) in paragraph at lines 3--7
\TU/TimesNewRoman(0)/m/n/12 logicznie funkcja programu. Algorytmy są napisane w
 metodach struktury danych [][]\TU/FiraCode(0)/m/n/12 EndpointExecutionRuntime[
]\TU/TimesNewRoman(0)/m/n/12 .
 []


Overfull \hbox (13.64954pt too wide) in paragraph at lines 15--18
[]\TU/TimesNewRoman(0)/m/n/12 Zapytania podrzędne są wykonywane dla każdego rzę
du będącego wynikiem bieżącego
 []

(./code/executionMap.rs) [24]
LaTeX Font Info:    Font shape `TU/FiraCode(0)/m/n' will be
(Font)              scaled to size 8.28262pt on input line 66.
 (./code/findingVariables.rs)
File: ./img/variable_resolution.png Graphic file (type bmp)
<./img/variable_resolution.png>


LaTeX Warning: `h' float specifier changed to `ht'.

[25] [26] (./code/endpointExecution.rs [27

]))
(./sections/subsections_key_functionality/user_management.tex))
(./sections/tests.tex
Overfull \hbox (7.02129pt too wide) in paragraph at lines 5--8
\TU/TimesNewRoman(0)/m/n/12 zostało zweryfikowane testami jednostkowymi. Wynik 
wykonania testów jednostkowych
 []

(./code/cargoTest.txt) [28]
File: ./img/postman_test_exec.png Graphic file (type bmp)
<./img/postman_test_exec.png>
) [29] (./sections/ending.tex
Overfull \hbox (0.7472pt too wide) in paragraph at lines 12--18
[]\TU/TimesNewRoman(0)/m/n/12 Aplikacja posiada większość funkcji typowego syst
emu CMS, jak tworzenie nowego
 []


Overfull \hbox (15.67198pt too wide) in paragraph at lines 19--23
\TU/TimesNewRoman(0)/m/n/12 głównym sposobem zarządzania jest pisanie natywnych
 zapytań SQL z systemem zarządza-
 []


Overfull \hbox (1.67754pt too wide) in paragraph at lines 24--29
\TU/TimesNewRoman(0)/m/n/12 do przechowywania danych binarnych. Popularnym rozw
iązaniem jest przechowywanie
 []


Overfull \hbox (28.2226pt too wide) in paragraph at lines 30--37
[]\TU/TimesNewRoman(0)/m/n/12 Kolejną funkcją, jaką warto w przyszłości zaimple
mentować jest udostępnienie użytkown-
 []

)
Overfull \hbox (3.64954pt too wide) in paragraph at lines 38--91
\TU/TimesNewRoman(0)/m/n/12 jtrudniejszą częścią implementacji byłoby przygotow
anie interfejsu zarządzania szablon-
 []

[30

] (./praca_dyplomowa.bbl
Underfull \hbox (badness 10000) in paragraph at lines 4--8
[]\TU/TimesNewRoman(0)/m/n/12 Cloud-first headless cms: What it is and why
 []


Underfull \hbox (badness 10000) in paragraph at lines 4--8
\TU/TimesNewRoman(0)/m/n/12 you should use it.  []$[][][][][] [] [] [] [][][] [
] [][][][][][][][][] [] [][][] []
 []


Underfull \hbox (badness 10000) in paragraph at lines 4--8
[][][][][][][][][][][][][][][][][][][][][][][][][][][][][][][][][][][][][][][][
][][][][][][][][][][][][][][][][][][][][][][][][][][][][][][][][][][]$[]\TU/Tim
esNewRoman(0)/m/n/12 .
 []


Underfull \hbox (badness 10000) in paragraph at lines 10--14
[]\TU/TimesNewRoman(0)/m/n/12 Deployment - strapi developer docs.  []$[][][][][
] [] [] [] [][][][] [] [][][][][][] [] [][] []
 []


Underfull \hbox (badness 10000) in paragraph at lines 10--14
[][][][][][][][][][][][][][][] [] [][][][][][] [] [][][][][][][][][][][][][][][
][][][][][][][][][][] [] [][][][][][][][][][] [] [][][][]$[]\TU/TimesNewRoman(0
)/m/n/12 .
 []


Underfull \hbox (badness 1789) in paragraph at lines 26--29
[]\TU/TimesNewRoman(0)/m/n/12 Postgrest documentation - full-text search.  []$[
][][][][] [] [] [] [][][][][][][][][] [] [][][] [] [][] []
 []

) (./praca_dyplomowa.lof [31

])
\tf@lof=\write5
\openout5 = `praca_dyplomowa.lof'.

 (./praca_dyplomowa.lol
Overfull \hbox (15.04784pt too wide) in paragraph at lines 3--3
 [][] [][]\TU/TimesNewRoman(0)/m/n/12 Test sprawdzający poprawność parsowania S
QL zawierającego odniesienia 
 []

)
\tf@lol=\write6
\openout6 = `praca_dyplomowa.lol'.

 [32] (./praca_dyplomowa.aux)
Package rerunfilecheck Info: File `praca_dyplomowa.out' has not changed.
(rerunfilecheck)             Checksum: A0F6DDA2A7860D6DC0A7EFB07EA78A22;4659.
 ) 
Here is how much of TeX's memory you used:
 15206 strings out of 478774
 287770 string characters out of 5864470
 828622 words of memory out of 6000000
 34878 multiletter control sequences out of 15000+600000
 406902 words of font info for 84 fonts, out of 8000000 for 9000
 14 hyphenation exceptions out of 8191
 73i,9n,123p,364b,1789s stack positions out of 5000i,500n,10000p,200000b,80000s

Output written on praca_dyplomowa.pdf (40 pages).
