\BOOKMARK [1][-]{section.1}{\376\377\000W\000S\000T\001\030\000P}{}% 1
\BOOKMARK [1][-]{section.2}{\376\377\000C\000E\000L\000\040\000I\000\040\000Z\000A\000K\000R\000E\000S\000\040\000P\000R\000A\000C\000Y}{}% 2
\BOOKMARK [2][-]{subsection.2.1}{\376\377\000C\000e\000l\000\040\000p\000r\000a\000c\000y}{section.2}% 3
\BOOKMARK [2][-]{subsection.2.2}{\376\377\000Z\000a\000k\000r\000e\000s\000\040\000f\000u\000n\000k\000c\000j\000i\000\040\000s\000y\000s\000t\000e\000m\000u}{section.2}% 4
\BOOKMARK [1][-]{section.3}{\376\377\000P\000R\000Z\000E\000G\000L\001\004\000D\000\040\000I\000S\000T\000N\000I\000E\000J\001\004\000C\000Y\000C\000H\000\040\000R\000O\000Z\000W\000I\001\004\000Z\000A\001\103}{}% 5
\BOOKMARK [2][-]{subsection.3.1}{\376\377\000W\000o\000r\000d\000p\000r\000e\000s\000s}{section.3}% 6
\BOOKMARK [2][-]{subsection.3.2}{\376\377\000S\000t\000r\000a\000p\000i}{section.3}% 7
\BOOKMARK [2][-]{subsection.3.3}{\376\377\000P\000o\000s\000t\000g\000R\000E\000S\000T}{section.3}% 8
\BOOKMARK [2][-]{subsection.3.4}{\376\377\000P\000o\000d\000s\000u\000m\000o\000w\000a\000n\000i\000e}{section.3}% 9
\BOOKMARK [1][-]{section.4}{\376\377\000P\000R\000O\000J\000E\000K\000T\000\040\000S\000Y\000S\000T\000E\000M\000U}{}% 10
\BOOKMARK [2][-]{subsection.4.1}{\376\377\000P\000r\000o\000j\000e\000k\000t\000\040\000a\000p\000l\000i\000k\000a\000c\000j\000i\000\040\000f\000r\000o\000n\000t\000e\000n\000d}{section.4}% 11
\BOOKMARK [2][-]{subsection.4.2}{\376\377\000P\000r\000o\000j\000e\000k\000t\000\040\000a\000p\000l\000i\000k\000a\000c\000j\000i\000\040\000b\000a\000c\000k\000e\000n\000d}{section.4}% 12
\BOOKMARK [1][-]{section.5}{\376\377\000I\000M\000P\000L\000E\000M\000E\000N\000T\000A\000C\000J\000A\000\040\000K\000L\000U\000C\000Z\000O\000W\000Y\000C\000H\000\040\000F\000U\000N\000K\000C\000J\000I}{}% 13
\BOOKMARK [2][-]{subsection.5.1}{\376\377\000T\000w\000o\000r\000z\000e\000n\000i\000e\000\040\000n\000o\000w\000y\000c\000h\000\040\000t\000y\000p\000\363\000w\000\040\000d\000a\000n\000y\000c\000h}{section.5}% 14
\BOOKMARK [2][-]{subsection.5.2}{\376\377\000Z\000a\000r\000z\001\005\000d\000z\000a\000n\000i\000e\000\040\000d\000a\000n\000y\000m\000i}{section.5}% 15
\BOOKMARK [2][-]{subsection.5.3}{\376\377\000E\000d\000y\000t\000o\000r\000\040\000z\000a\000p\000y\000t\000a\001\104\000\040\000S\000Q\000L\000\040\000w\000y\000k\000o\000n\000y\000w\000a\000n\000y\000c\000h\000\040\000n\000a\000t\000y\000c\000h\000m\000i\000a\000s\000t}{section.5}% 16
\BOOKMARK [2][-]{subsection.5.4}{\376\377\000E\000d\000y\000t\000o\000r\000\040\000p\000u\000n\000k\000t\000\363\000w\000\040\000k\000o\001\104\000c\000o\000w\000y\000c\000h}{section.5}% 17
\BOOKMARK [2][-]{subsection.5.5}{\376\377\000W\000y\000k\000o\000n\000y\000w\000a\000n\000i\000e\000\040\000S\000Q\000L\000\040\000p\000r\000z\000y\000\040\000w\000y\000w\000o\001\102\000a\000n\000i\000u\000\040\000p\000u\000n\000k\000t\000u\000\040\000k\000o\001\104\000c\000o\000w\000e\000g\000o}{section.5}% 18
\BOOKMARK [1][-]{section.6}{\376\377\000W\000E\000R\000Y\000F\000I\000K\000A\000C\000J\000A\000\040\000P\000R\000A\000C\000Y\000\040\000P\000R\000O\000G\000R\000A\000M\000U}{}% 19
\BOOKMARK [2][-]{subsection.6.1}{\376\377\000T\000e\000s\000t\000y\000\040\000j\000e\000d\000n\000o\000s\000t\000k\000o\000w\000e}{section.6}% 20
\BOOKMARK [2][-]{subsection.6.2}{\376\377\000T\000e\000s\000t\000y\000\040\000i\000n\000t\000e\000g\000r\000a\000c\000y\000j\000n\000e}{section.6}% 21
\BOOKMARK [1][-]{section.7}{\376\377\000t\000e\000s\000t}{}% 22
\BOOKMARK [2][-]{subsection.7.1}{\376\377\000t\000e\000s\000t\000\040\000s\000u\000b}{section.7}% 23
